::1 - - [31/Jan/2021:21:09:41 +0000] "PATCH /api/contacts/1611919130629 HTTP/1.1" 200 99 "-" "PostmanRuntime/7.26.8"
::1 - - [31/Jan/2021:21:09:57 +0000] "PATCH /api/contacts/1611919130629 HTTP/1.1" 200 99 "-" "PostmanRuntime/7.26.8"
::1 - - [31/Jan/2021:21:10:08 +0000] "PATCH /api/contacts/1611919130629 HTTP/1.1" 200 99 "-" "PostmanRuntime/7.26.8"
::1 - - [31/Jan/2021:21:13:05 +0000] "PATCH /api/contacts/1611919130629 HTTP/1.1" 200 107 "-" "PostmanRuntime/7.26.8"
::1 - - [31/Jan/2021:21:13:15 +0000] "PATCH /api/contacts/1611919130629 HTTP/1.1" 200 107 "-" "PostmanRuntime/7.26.8"
::1 - - [31/Jan/2021:21:15:48 +0000] "PATCH /api/contacts/1611919130629 HTTP/1.1" 400 - "-" "PostmanRuntime/7.26.8"
::1 - - [31/Jan/2021:21:18:09 +0000] "PATCH /api/contacts/1611919130629 HTTP/1.1" 400 45 "-" "PostmanRuntime/7.26.8"
::1 - - [01/Feb/2021:19:28:01 +0000] "GET /api/contacts HTTP/1.1" 200 1728 "-" "PostmanRuntime/7.26.8"
::1 - - [01/Feb/2021:19:37:12 +0000] "GET /api/contacts/5eb074232c30a1378dacdbe1 HTTP/1.1" 404 23 "-" "PostmanRuntime/7.26.8"
::1 - - [01/Feb/2021:19:39:54 +0000] "GET /api/contacts/5eb074232c30a1378dacdbe1 HTTP/1.1" 200 170 "-" "PostmanRuntime/7.26.8"
::1 - - [01/Feb/2021:20:26:09 +0000] "POST /api/contacts HTTP/1.1" 400 293 "-" "PostmanRuntime/7.26.8"
::1 - - [01/Feb/2021:20:30:35 +0000] "POST /api/contacts HTTP/1.1" 201 169 "-" "PostmanRuntime/7.26.8"
::1 - - [01/Feb/2021:20:37:11 +0000] "GET /api/contacts/601864eb08898d54d356207b HTTP/1.1" 200 169 "-" "PostmanRuntime/7.26.8"
::1 - - [01/Feb/2021:20:37:20 +0000] "PATCH /api/contacts/601864eb08898d54d356207b HTTP/1.1" 200 169 "-" "PostmanRuntime/7.26.8"
::1 - - [01/Feb/2021:20:37:30 +0000] "GET /api/contacts/601864eb08898d54d356207b HTTP/1.1" 200 169 "-" "PostmanRuntime/7.26.8"
::1 - - [01/Feb/2021:20:38:10 +0000] "PATCH /api/contacts/601864eb08898d54d356207b HTTP/1.1" 200 169 "-" "PostmanRuntime/7.26.8"
::1 - - [01/Feb/2021:20:38:15 +0000] "GET /api/contacts/601864eb08898d54d356207b HTTP/1.1" 200 169 "-" "PostmanRuntime/7.26.8"
::1 - - [01/Feb/2021:20:39:40 +0000] "GET /api/contacts/601864eb08898d54d356207b HTTP/1.1" 200 169 "-" "PostmanRuntime/7.26.8"
::1 - - [01/Feb/2021:20:41:41 +0000] "PATCH /api/contacts/601864eb08898d54d356207b HTTP/1.1" 200 169 "-" "PostmanRuntime/7.26.8"
::1 - - [01/Feb/2021:20:42:28 +0000] "PATCH /api/contacts/601864eb08898d54d356207b HTTP/1.1" 200 169 "-" "PostmanRuntime/7.26.8"
::1 - - [01/Feb/2021:20:46:17 +0000] "DELETE /api/contacts/601864eb08898d54d356207b HTTP/1.1" 200 29 "-" "PostmanRuntime/7.26.8"
::1 - - [01/Feb/2021:20:46:21 +0000] "GET /api/contacts/601864eb08898d54d356207b HTTP/1.1" 404 23 "-" "PostmanRuntime/7.26.8"
::1 - - [01/Feb/2021:20:49:33 +0000] "POST /api/contacts HTTP/1.1" 201 169 "-" "PostmanRuntime/7.26.8"
::1 - - [01/Feb/2021:20:49:47 +0000] "PATCH /api/contacts/6018695de0961d5654792396 HTTP/1.1" 200 169 "-" "PostmanRuntime/7.26.8"
::1 - - [01/Feb/2021:20:49:59 +0000] "POST /api/contacts HTTP/1.1" 201 169 "-" "PostmanRuntime/7.26.8"
::1 - - [01/Feb/2021:20:50:09 +0000] "GET /api/contacts/6018695de0961d5654792396 HTTP/1.1" 200 169 "-" "PostmanRuntime/7.26.8"
::1 - - [01/Feb/2021:20:50:31 +0000] "PATCH /api/contacts/6018695de0961d5654792396 HTTP/1.1" 400 156 "-" "PostmanRuntime/7.26.8"
::1 - - [01/Feb/2021:20:50:40 +0000] "PATCH /api/contacts/6018695de0961d5654792396 HTTP/1.1" 200 169 "-" "PostmanRuntime/7.26.8"
::1 - - [08/Feb/2021:06:22:05 +0000] "GET /api/contacts/6018695de0961d5654792396 HTTP/1.1" 200 169 "-" "PostmanRuntime/7.26.8"
::1 - - [08/Feb/2021:06:22:14 +0000] "PATCH /api/contacts/6018695de0961d5654792396 HTTP/1.1" 200 169 "-" "PostmanRuntime/7.26.8"
::1 - - [08/Feb/2021:06:22:21 +0000] "GET /api/contacts/6018695de0961d5654792396 HTTP/1.1" 200 169 "-" "PostmanRuntime/7.26.8"
::1 - - [08/Feb/2021:06:29:40 +0000] "GET /api/contacts/6018695de0961d5654792390 HTTP/1.1" 404 23 "-" "PostmanRuntime/7.26.8"
::1 - - [08/Feb/2021:06:31:39 +0000] "PATCH /api/contacts/6018695de0961d5654792396 HTTP/1.1" 200 169 "-" "PostmanRuntime/7.26.8"
::1 - - [08/Feb/2021:06:32:43 +0000] "PATCH /api/contacts/6018695de0961d5654792396 HTTP/1.1" 200 169 "-" "PostmanRuntime/7.26.8"
::1 - - [08/Feb/2021:06:33:02 +0000] "PATCH /api/contacts/6018695de0961d5654792396 HTTP/1.1" 200 169 "-" "PostmanRuntime/7.26.8"
::1 - - [08/Feb/2021:06:33:08 +0000] "PATCH /api/contacts/6018695de0961d5654792396 HTTP/1.1" 200 169 "-" "PostmanRuntime/7.26.8"
::1 - - [08/Feb/2021:06:33:25 +0000] "PATCH /api/contacts/6018695de0961d5654792396 HTTP/1.1" 200 169 "-" "PostmanRuntime/7.26.8"
::1 - - [08/Feb/2021:06:33:30 +0000] "PATCH /api/contacts/6018695de0961d5654792396 HTTP/1.1" 200 169 "-" "PostmanRuntime/7.26.8"
::1 - - [08/Feb/2021:06:33:35 +0000] "PATCH /api/contacts/6018695de0961d5654792396 HTTP/1.1" 200 169 "-" "PostmanRuntime/7.26.8"
::1 - - [08/Feb/2021:06:34:35 +0000] "PATCH /api/contacts/6018695de0961d5654792396 HTTP/1.1" 200 169 "-" "PostmanRuntime/7.26.8"
::1 - - [08/Feb/2021:06:37:35 +0000] "PATCH /api/contacts/6018695de0961d5654792396 HTTP/1.1" 200 160 "-" "PostmanRuntime/7.26.8"
::1 - - [08/Feb/2021:06:38:18 +0000] "PATCH /api/contacts/6018695de0961d5654792396 HTTP/1.1" 200 169 "-" "PostmanRuntime/7.26.8"
::1 - - [08/Feb/2021:06:38:26 +0000] "GET /api/contacts/6018695de0961d5654792390 HTTP/1.1" 404 23 "-" "PostmanRuntime/7.26.8"
::1 - - [08/Feb/2021:06:38:41 +0000] "GET /api/contacts/6018695de0961d5654792396 HTTP/1.1" 200 169 "-" "PostmanRuntime/7.26.8"
::1 - - [08/Feb/2021:06:42:30 +0000] "PATCH /api/contacts/6018695de0961d5654792396 HTTP/1.1" 200 160 "-" "PostmanRuntime/7.26.8"
::1 - - [08/Feb/2021:06:42:55 +0000] "PATCH /api/contacts/6018695de0961d5654792396 HTTP/1.1" 200 160 "-" "PostmanRuntime/7.26.8"
::1 - - [13/Feb/2021:18:17:03 +0000] "GET /register HTTP/1.1" 404 147 "-" "PostmanRuntime/7.26.8"
::1 - - [13/Feb/2021:18:17:55 +0000] "POST /register HTTP/1.1" 404 148 "-" "PostmanRuntime/7.26.8"
::1 - - [13/Feb/2021:18:18:10 +0000] "POST /auth/register HTTP/1.1" 400 2 "-" "PostmanRuntime/7.26.8"
::1 - - [13/Feb/2021:18:20:00 +0000] "POST /auth/register HTTP/1.1" 400 2 "-" "PostmanRuntime/7.26.8"
::1 - - [13/Feb/2021:18:21:22 +0000] "POST /auth/register HTTP/1.1" 201 64 "-" "PostmanRuntime/7.26.8"
::1 - - [13/Feb/2021:18:25:01 +0000] "POST /auth/register HTTP/1.1" 201 64 "-" "PostmanRuntime/7.26.8"
::1 - - [13/Feb/2021:18:27:06 +0000] "POST /auth/register HTTP/1.1" 201 168 "-" "PostmanRuntime/7.26.8"
::1 - - [13/Feb/2021:18:27:30 +0000] "POST /auth/login HTTP/1.1" 201 168 "-" "PostmanRuntime/7.26.8"
::1 - - [13/Feb/2021:18:30:07 +0000] "POST /auth/register HTTP/1.1" 201 168 "-" "PostmanRuntime/7.26.8"
::1 - - [13/Feb/2021:18:31:07 +0000] "POST /auth/register HTTP/1.1" 400 333 "-" "PostmanRuntime/7.26.8"
::1 - - [13/Feb/2021:18:31:43 +0000] "POST /auth/register HTTP/1.1" 201 168 "-" "PostmanRuntime/7.26.8"
::1 - - [13/Feb/2021:18:32:14 +0000] "POST /auth/register HTTP/1.1" 201 168 "-" "PostmanRuntime/7.26.8"
::1 - - [13/Feb/2021:18:32:21 +0000] "POST /auth/login HTTP/1.1" 201 168 "-" "PostmanRuntime/7.26.8"
::1 - - [13/Feb/2021:18:34:21 +0000] "POST /auth/login HTTP/1.1" 201 155 "-" "PostmanRuntime/7.26.8"
::1 - - [13/Feb/2021:18:34:34 +0000] "POST /auth/login HTTP/1.1" 201 165 "-" "PostmanRuntime/7.26.8"
::1 - - [13/Feb/2021:18:40:03 +0000] "POST /auth/logout HTTP/1.1" 401 28 "-" "PostmanRuntime/7.26.8"
::1 - - [13/Feb/2021:18:40:40 +0000] "POST /auth/logout HTTP/1.1" 401 28 "-" "PostmanRuntime/7.26.8"
::1 - - [13/Feb/2021:18:41:09 +0000] "POST /auth/logout HTTP/1.1" 401 28 "-" "PostmanRuntime/7.26.8"
::1 - - [14/Feb/2021:20:33:05 +0000] "POST /auth/logout HTTP/1.1" 401 28 "-" "PostmanRuntime/7.26.8"
::1 - - [14/Feb/2021:20:33:49 +0000] "POST /auth/logout HTTP/1.1" 401 28 "-" "PostmanRuntime/7.26.8"
::1 - - [14/Feb/2021:20:34:39 +0000] "POST /auth/login HTTP/1.1" 201 165 "-" "PostmanRuntime/7.26.8"
::1 - - [14/Feb/2021:20:34:59 +0000] "POST /auth/logout HTTP/1.1" 401 28 "-" "PostmanRuntime/7.26.8"
::1 - - [15/Feb/2021:10:21:55 +0000] "POST /auth/logout HTTP/1.1" 401 28 "-" "PostmanRuntime/7.26.8"
::1 - - [15/Feb/2021:10:22:38 +0000] "POST /auth/logout HTTP/1.1" 204 - "-" "PostmanRuntime/7.26.8"
